[0227/161838:INFO:user_input_monitor_win.cc(168)] RegisterRawInputDevices() failed for RIDEV_REMOVE: The parameter is incorrect. (0x57)
[0227/161842:ERROR:audio_output_device.cc(369)] IO loop going away before the audio device has been stopped
[0227/161842:ERROR:audio_input_device.cc(269)] IO loop going away before the input device has been stopped
[0227/163741.322:ERROR:audio_output_device.cc(425)] IO loop going away before the audio device has been stopped
[0227/163756.015:INFO:user_input_monitor_win.cc(171)] RegisterRawInputDevices() failed for RIDEV_REMOVE: The parameter is incorrect. (0x57)
[0227/163812.534:INFO:user_input_monitor_win.cc(171)] RegisterRawInputDevices() failed for RIDEV_REMOVE: The parameter is incorrect. (0x57)
[0227/163816.970:ERROR:audio_output_device.cc(425)] IO loop going away before the audio device has been stopped
[0227/165104.252:ERROR:audio_output_device.cc(425)] IO loop going away before the audio device has been stopped
[0227/165741.013:ERROR:audio_output_device.cc(425)] IO loop going away before the audio device has been stopped
[0227/170132.406:ERROR:audio_output_device.cc(425)] IO loop going away before the audio device has been stopped
[0227/170431.307:ERROR:audio_output_device.cc(425)] IO loop going away before the audio device has been stopped
[0227/170436.887:ERROR:audio_output_device.cc(425)] IO loop going away before the audio device has been stopped
[0227/170438.201:INFO:user_input_monitor_win.cc(171)] RegisterRawInputDevices() failed for RIDEV_REMOVE: The parameter is incorrect. (0x57)
[0227/170449.972:INFO:user_input_monitor_win.cc(171)] RegisterRawInputDevices() failed for RIDEV_REMOVE: The parameter is incorrect. (0x57)
[0227/170452.622:ERROR:audio_output_device.cc(425)] IO loop going away before the audio device has been stopped
[0227/170453.974:INFO:user_input_monitor_win.cc(171)] RegisterRawInputDevices() failed for RIDEV_REMOVE: The parameter is incorrect. (0x57)
[0227/170505.326:ERROR:audio_output_device.cc(425)] IO loop going away before the audio device has been stopped
[0227/170506.672:INFO:user_input_monitor_win.cc(171)] RegisterRawInputDevices() failed for RIDEV_REMOVE: The parameter is incorrect. (0x57)
[0621/000436.451:ERROR:render_media_log.cc(25)] MediaEvent: PIPELINE_ERROR demuxer: could not open
[0621/000500.281:ERROR:render_media_log.cc(25)] MediaEvent: PIPELINE_ERROR demuxer: could not open
[0621/000500.464:ERROR:render_media_log.cc(25)] MediaEvent: PIPELINE_ERROR demuxer: could not open
[0621/000507.104:ERROR:render_media_log.cc(25)] MediaEvent: PIPELINE_ERROR demuxer: could not open
[0621/000728.225:ERROR:render_media_log.cc(25)] MediaEvent: PIPELINE_ERROR demuxer: could not open
[0621/000745.322:ERROR:render_media_log.cc(25)] MediaEvent: PIPELINE_ERROR demuxer: could not open
[0621/000745.926:ERROR:render_media_log.cc(25)] MediaEvent: PIPELINE_ERROR demuxer: could not open
[0621/000820.420:ERROR:render_media_log.cc(25)] MediaEvent: PIPELINE_ERROR demuxer: could not open
[0621/001143.489:ERROR:render_media_log.cc(25)] MediaEvent: PIPELINE_ERROR demuxer: could not open
[0621/001158.279:ERROR:render_media_log.cc(25)] MediaEvent: PIPELINE_ERROR demuxer: could not open
[0621/001159.271:ERROR:render_media_log.cc(25)] MediaEvent: PIPELINE_ERROR demuxer: could not open
[0621/001423.141:ERROR:render_media_log.cc(25)] MediaEvent: PIPELINE_ERROR demuxer: could not open
[0621/001436.621:ERROR:render_media_log.cc(25)] MediaEvent: PIPELINE_ERROR demuxer: could not open
[0621/001437.137:ERROR:render_media_log.cc(25)] MediaEvent: PIPELINE_ERROR demuxer: could not open
[0621/182655.766:WARNING:dns_config_service_win.cc(661)] Failed to read DnsConfig.
[0621/182655.869:WARNING:dns_config_service_win.cc(661)] Failed to read DnsConfig.
[0621/182656.032:WARNING:dns_config_service_win.cc(661)] Failed to read DnsConfig.
[0621/182659.740:WARNING:dns_config_service_win.cc(661)] Failed to read DnsConfig.
[0621/182659.748:WARNING:dns_config_service_win.cc(661)] Failed to read DnsConfig.
[0621/182659.768:WARNING:dns_config_service_win.cc(661)] Failed to read DnsConfig.
[0621/182700.854:WARNING:dns_config_service_win.cc(661)] Failed to read DnsConfig.
[0621/182700.875:WARNING:dns_config_service_win.cc(661)] Failed to read DnsConfig.
[0621/182701.036:WARNING:dns_config_service_win.cc(661)] Failed to read DnsConfig.
[0621/205309.889:ERROR:render_media_log.cc(25)] MediaEvent: PIPELINE_ERROR demuxer: could not open
[0621/205311.719:ERROR:render_media_log.cc(25)] MediaEvent: PIPELINE_ERROR demuxer: could not open
[0621/205311.721:ERROR:render_media_log.cc(25)] MediaEvent: PIPELINE_ERROR demuxer: could not open
[0621/205316.133:ERROR:render_media_log.cc(25)] MediaEvent: PIPELINE_ERROR demuxer: could not open
[0621/205318.867:ERROR:render_media_log.cc(25)] MediaEvent: PIPELINE_ERROR demuxer: could not open
[0621/205322.091:ERROR:render_media_log.cc(25)] MediaEvent: PIPELINE_ERROR demuxer: could not open
[0621/205325.558:ERROR:render_media_log.cc(25)] MediaEvent: PIPELINE_ERROR demuxer: could not open
[0621/205551.423:WARNING:spdy_session.cc(2224)] Received HEADERS for invalid stream 13
[0621/205557.872:ERROR:render_media_log.cc(25)] MediaEvent: PIPELINE_ERROR demuxer: could not open
[0621/205607.403:ERROR:render_media_log.cc(25)] MediaEvent: PIPELINE_ERROR demuxer: could not open
[0621/205611.071:ERROR:render_media_log.cc(25)] MediaEvent: PIPELINE_ERROR demuxer: could not open
[0621/205612.841:ERROR:render_media_log.cc(25)] MediaEvent: PIPELINE_ERROR demuxer: could not open
[0621/205616.513:ERROR:render_media_log.cc(25)] MediaEvent: PIPELINE_ERROR demuxer: could not open
[0621/205620.298:ERROR:render_media_log.cc(25)] MediaEvent: PIPELINE_ERROR demuxer: could not open
[0621/205623.893:ERROR:render_media_log.cc(25)] MediaEvent: PIPELINE_ERROR demuxer: could not open
[0621/211520.614:ERROR:render_media_log.cc(25)] MediaEvent: PIPELINE_ERROR demuxer: could not open
[0621/211521.725:ERROR:render_media_log.cc(25)] MediaEvent: PIPELINE_ERROR demuxer: could not open
[0621/211524.163:ERROR:render_media_log.cc(25)] MediaEvent: PIPELINE_ERROR demuxer: could not open
[0621/211524.261:WARNING:spdy_session.cc(2224)] Received HEADERS for invalid stream 179
[0621/211527.321:ERROR:render_media_log.cc(25)] MediaEvent: PIPELINE_ERROR demuxer: could not open
[0621/211529.889:ERROR:render_media_log.cc(25)] MediaEvent: PIPELINE_ERROR demuxer: could not open
[0621/211532.175:ERROR:render_media_log.cc(25)] MediaEvent: PIPELINE_ERROR demuxer: could not open
[0621/211534.160:ERROR:render_media_log.cc(25)] MediaEvent: PIPELINE_ERROR demuxer: could not open
[0621/211534.660:WARNING:quota_manager.cc(1833)] Create directory failed for path
[0621/211534.662:WARNING:quota_manager.cc(1833)] Create directory failed for path
[0621/211738.404:ERROR:render_media_log.cc(25)] MediaEvent: PIPELINE_ERROR demuxer: could not open
[0621/211740.930:ERROR:render_media_log.cc(25)] MediaEvent: PIPELINE_ERROR demuxer: could not open
[0621/211743.287:ERROR:render_media_log.cc(25)] MediaEvent: PIPELINE_ERROR demuxer: could not open
[0621/211743.298:WARNING:spdy_session.cc(2224)] Received HEADERS for invalid stream 171
[0621/211745.425:ERROR:render_media_log.cc(25)] MediaEvent: PIPELINE_ERROR demuxer: could not open
[0621/211746.402:ERROR:render_media_log.cc(25)] MediaEvent: PIPELINE_ERROR demuxer: could not open
[0621/211747.762:ERROR:render_media_log.cc(25)] MediaEvent: PIPELINE_ERROR demuxer: could not open
[0621/211754.427:ERROR:render_media_log.cc(25)] MediaEvent: PIPELINE_ERROR demuxer: could not open
[0622/075316.210:WARNING:dns_config_service_win.cc(661)] Failed to read DnsConfig.
[0622/075318.405:WARNING:dns_config_service_win.cc(661)] Failed to read DnsConfig.
[0622/183933.334:WARNING:dns_config_service_win.cc(661)] Failed to read DnsConfig.
[0622/183937.873:WARNING:dns_config_service_win.cc(661)] Failed to read DnsConfig.
[0622/183938.371:WARNING:dns_config_service_win.cc(661)] Failed to read DnsConfig.
[0622/183941.834:WARNING:dns_config_service_win.cc(661)] Failed to read DnsConfig.
[0622/183942.878:WARNING:dns_config_service_win.cc(661)] Failed to read DnsConfig.
[0622/183943.375:WARNING:dns_config_service_win.cc(661)] Failed to read DnsConfig.
[0622/183946.843:WARNING:dns_config_service_win.cc(661)] Failed to read DnsConfig.
[0624/025902.217:WARNING:dns_config_service_win.cc(661)] Failed to read DnsConfig.
[0624/162639.653:WARNING:dns_config_service_win.cc(661)] Failed to read DnsConfig.
[0624/162644.655:WARNING:dns_config_service_win.cc(661)] Failed to read DnsConfig.
[0624/162649.658:WARNING:dns_config_service_win.cc(661)] Failed to read DnsConfig.
[0624/162654.662:WARNING:dns_config_service_win.cc(661)] Failed to read DnsConfig.
[0624/162659.664:WARNING:dns_config_service_win.cc(661)] Failed to read DnsConfig.
[0624/162704.666:WARNING:dns_config_service_win.cc(661)] Failed to read DnsConfig.
[0624/162709.667:WARNING:dns_config_service_win.cc(661)] Failed to read DnsConfig.
[0624/171505.424:WARNING:dns_config_service_win.cc(661)] Failed to read DnsConfig.
[0624/171510.426:WARNING:dns_config_service_win.cc(661)] Failed to read DnsConfig.
[0624/171515.429:WARNING:dns_config_service_win.cc(661)] Failed to read DnsConfig.
[0624/171520.431:WARNING:dns_config_service_win.cc(661)] Failed to read DnsConfig.
[0624/171525.435:WARNING:dns_config_service_win.cc(661)] Failed to read DnsConfig.
[0624/171530.437:WARNING:dns_config_service_win.cc(661)] Failed to read DnsConfig.
[0624/171535.440:WARNING:dns_config_service_win.cc(661)] Failed to read DnsConfig.
[0624/171540.444:WARNING:dns_config_service_win.cc(661)] Failed to read DnsConfig.
[0624/171545.446:WARNING:dns_config_service_win.cc(661)] Failed to read DnsConfig.
[0624/171550.473:WARNING:dns_config_service_win.cc(661)] Failed to read DnsConfig.
[0624/171555.475:WARNING:dns_config_service_win.cc(661)] Failed to read DnsConfig.
[0624/171600.478:WARNING:dns_config_service_win.cc(661)] Failed to read DnsConfig.
[0624/173135.319:WARNING:dns_config_service_win.cc(661)] Failed to read DnsConfig.
[0624/173140.321:WARNING:dns_config_service_win.cc(661)] Failed to read DnsConfig.
[0624/173145.325:WARNING:dns_config_service_win.cc(661)] Failed to read DnsConfig.
[0624/173150.336:WARNING:dns_config_service_win.cc(661)] Failed to read DnsConfig.
[0624/173155.338:WARNING:dns_config_service_win.cc(661)] Failed to read DnsConfig.
[0624/173200.340:WARNING:dns_config_service_win.cc(661)] Failed to read DnsConfig.
[0624/173205.342:WARNING:dns_config_service_win.cc(661)] Failed to read DnsConfig.
[0624/173210.343:WARNING:dns_config_service_win.cc(661)] Failed to read DnsConfig.
[0624/173215.345:WARNING:dns_config_service_win.cc(661)] Failed to read DnsConfig.
[0624/173220.345:WARNING:dns_config_service_win.cc(661)] Failed to read DnsConfig.
[0624/173225.347:WARNING:dns_config_service_win.cc(661)] Failed to read DnsConfig.
[0624/173230.350:WARNING:dns_config_service_win.cc(661)] Failed to read DnsConfig.
[0624/173235.353:WARNING:dns_config_service_win.cc(661)] Failed to read DnsConfig.
[0624/173240.355:WARNING:dns_config_service_win.cc(661)] Failed to read DnsConfig.
[0624/173245.356:WARNING:dns_config_service_win.cc(661)] Failed to read DnsConfig.
[0624/173250.358:WARNING:dns_config_service_win.cc(661)] Failed to read DnsConfig.
[0624/173255.360:WARNING:dns_config_service_win.cc(661)] Failed to read DnsConfig.
[0624/173300.361:WARNING:dns_config_service_win.cc(661)] Failed to read DnsConfig.
[0624/173305.364:WARNING:dns_config_service_win.cc(661)] Failed to read DnsConfig.
[0624/173310.366:WARNING:dns_config_service_win.cc(661)] Failed to read DnsConfig.
[0624/173315.368:WARNING:dns_config_service_win.cc(661)] Failed to read DnsConfig.
[0624/173320.370:WARNING:dns_config_service_win.cc(661)] Failed to read DnsConfig.
[0624/173325.372:WARNING:dns_config_service_win.cc(661)] Failed to read DnsConfig.
[0624/173330.375:WARNING:dns_config_service_win.cc(661)] Failed to read DnsConfig.
[0624/173335.377:WARNING:dns_config_service_win.cc(661)] Failed to read DnsConfig.
[0624/173340.379:WARNING:dns_config_service_win.cc(661)] Failed to read DnsConfig.
[0624/173345.383:WARNING:dns_config_service_win.cc(661)] Failed to read DnsConfig.
[0624/173350.386:WARNING:dns_config_service_win.cc(661)] Failed to read DnsConfig.
[0624/173355.388:WARNING:dns_config_service_win.cc(661)] Failed to read DnsConfig.
[0624/173400.389:WARNING:dns_config_service_win.cc(661)] Failed to read DnsConfig.
[0624/173405.393:WARNING:dns_config_service_win.cc(661)] Failed to read DnsConfig.
[0624/173410.401:WARNING:dns_config_service_win.cc(661)] Failed to read DnsConfig.
[0624/173415.406:WARNING:dns_config_service_win.cc(661)] Failed to read DnsConfig.
[0624/173420.408:WARNING:dns_config_service_win.cc(661)] Failed to read DnsConfig.
[0624/173425.409:WARNING:dns_config_service_win.cc(661)] Failed to read DnsConfig.
[0624/173430.413:WARNING:dns_config_service_win.cc(661)] Failed to read DnsConfig.
[0624/173435.416:WARNING:dns_config_service_win.cc(661)] Failed to read DnsConfig.
[0624/173440.419:WARNING:dns_config_service_win.cc(661)] Failed to read DnsConfig.
[0624/173445.423:WARNING:dns_config_service_win.cc(661)] Failed to read DnsConfig.
[0624/173450.426:WARNING:dns_config_service_win.cc(661)] Failed to read DnsConfig.
[0624/173455.431:WARNING:dns_config_service_win.cc(661)] Failed to read DnsConfig.
[0624/173500.432:WARNING:dns_config_service_win.cc(661)] Failed to read DnsConfig.
[0624/173505.441:WARNING:dns_config_service_win.cc(661)] Failed to read DnsConfig.
[0624/173510.453:WARNING:dns_config_service_win.cc(661)] Failed to read DnsConfig.
[0624/173515.457:WARNING:dns_config_service_win.cc(661)] Failed to read DnsConfig.
[0624/173520.460:WARNING:dns_config_service_win.cc(661)] Failed to read DnsConfig.
[0624/173525.464:WARNING:dns_config_service_win.cc(661)] Failed to read DnsConfig.
[0624/173530.467:WARNING:dns_config_service_win.cc(661)] Failed to read DnsConfig.
[0624/173535.470:WARNING:dns_config_service_win.cc(661)] Failed to read DnsConfig.
[0624/173540.472:WARNING:dns_config_service_win.cc(661)] Failed to read DnsConfig.
[0624/173545.473:WARNING:dns_config_service_win.cc(661)] Failed to read DnsConfig.
[0624/173550.475:WARNING:dns_config_service_win.cc(661)] Failed to read DnsConfig.
[0624/173555.477:WARNING:dns_config_service_win.cc(661)] Failed to read DnsConfig.
[0624/173600.478:WARNING:dns_config_service_win.cc(661)] Failed to read DnsConfig.
[0624/173605.480:WARNING:dns_config_service_win.cc(661)] Failed to read DnsConfig.
[0624/173610.482:WARNING:dns_config_service_win.cc(661)] Failed to read DnsConfig.
[0624/173615.483:WARNING:dns_config_service_win.cc(661)] Failed to read DnsConfig.
[0624/173620.486:WARNING:dns_config_service_win.cc(661)] Failed to read DnsConfig.
[0624/173625.489:WARNING:dns_config_service_win.cc(661)] Failed to read DnsConfig.
[0624/173630.493:WARNING:dns_config_service_win.cc(661)] Failed to read DnsConfig.
[0624/173635.495:WARNING:dns_config_service_win.cc(661)] Failed to read DnsConfig.
[0624/173640.498:WARNING:dns_config_service_win.cc(661)] Failed to read DnsConfig.
[0624/173645.500:WARNING:dns_config_service_win.cc(661)] Failed to read DnsConfig.
[0624/173650.503:WARNING:dns_config_service_win.cc(661)] Failed to read DnsConfig.
[0624/173655.507:WARNING:dns_config_service_win.cc(661)] Failed to read DnsConfig.
[0624/173700.509:WARNING:dns_config_service_win.cc(661)] Failed to read DnsConfig.
[0624/173705.513:WARNING:dns_config_service_win.cc(661)] Failed to read DnsConfig.
[0624/173710.517:WARNING:dns_config_service_win.cc(661)] Failed to read DnsConfig.
[0624/173715.523:WARNING:dns_config_service_win.cc(661)] Failed to read DnsConfig.
[0624/173720.526:WARNING:dns_config_service_win.cc(661)] Failed to read DnsConfig.
[0624/173725.528:WARNING:dns_config_service_win.cc(661)] Failed to read DnsConfig.
[0624/173730.531:WARNING:dns_config_service_win.cc(661)] Failed to read DnsConfig.
[0624/173735.534:WARNING:dns_config_service_win.cc(661)] Failed to read DnsConfig.
[0624/173740.536:WARNING:dns_config_service_win.cc(661)] Failed to read DnsConfig.
[0624/173745.537:WARNING:dns_config_service_win.cc(661)] Failed to read DnsConfig.
[0624/173750.539:WARNING:dns_config_service_win.cc(661)] Failed to read DnsConfig.
[0624/173755.542:WARNING:dns_config_service_win.cc(661)] Failed to read DnsConfig.
[0624/173800.546:WARNING:dns_config_service_win.cc(661)] Failed to read DnsConfig.
[0624/173805.552:WARNING:dns_config_service_win.cc(661)] Failed to read DnsConfig.
[0624/173810.555:WARNING:dns_config_service_win.cc(661)] Failed to read DnsConfig.
[0624/173815.558:WARNING:dns_config_service_win.cc(661)] Failed to read DnsConfig.
[0624/173820.559:WARNING:dns_config_service_win.cc(661)] Failed to read DnsConfig.
[0624/173825.562:WARNING:dns_config_service_win.cc(661)] Failed to read DnsConfig.
[0624/173830.564:WARNING:dns_config_service_win.cc(661)] Failed to read DnsConfig.
[0624/173835.567:WARNING:dns_config_service_win.cc(661)] Failed to read DnsConfig.
[0624/173840.569:WARNING:dns_config_service_win.cc(661)] Failed to read DnsConfig.
[0624/173845.570:WARNING:dns_config_service_win.cc(661)] Failed to read DnsConfig.
[0624/173850.574:WARNING:dns_config_service_win.cc(661)] Failed to read DnsConfig.
[0624/173855.575:WARNING:dns_config_service_win.cc(661)] Failed to read DnsConfig.
[0624/173900.579:WARNING:dns_config_service_win.cc(661)] Failed to read DnsConfig.
[0624/173905.580:WARNING:dns_config_service_win.cc(661)] Failed to read DnsConfig.
[0624/173910.584:WARNING:dns_config_service_win.cc(661)] Failed to read DnsConfig.
[0624/173915.587:WARNING:dns_config_service_win.cc(661)] Failed to read DnsConfig.
[0624/173920.590:WARNING:dns_config_service_win.cc(661)] Failed to read DnsConfig.
